<?xml version="1.0" encoding="UTF-8"?>
<!-- Generated by org.testng.reporters.JUnitXMLReporter -->
<testsuite hostname="DESKTOP-2D4DDNA" ignored="2" name="Default test" tests="1" failures="0" timestamp="03 Feb 2018 23:31:52 GMT" time="13.032" errors="0">
  <testcase name="loginFunctionalityTest" time="5.996" classname="com.crm.qa.testscases.LoginPageTest"/>
  <testcase name="crmImageLogoTest" time="0.0" classname="com.crm.qa.testscases.LoginPageTest">
    <ignored/>
  </testcase> <!-- crmImageLogoTest -->
  <testcase name="loginPageTitleTest" time="0.0" classname="com.crm.qa.testscases.LoginPageTest">
    <ignored/>
  </testcase> <!-- loginPageTitleTest -->
</testsuite> <!-- Default test -->
