<?xml version="1.0" encoding="UTF-8"?>
<testng-results skipped="0" failed="1" ignored="0" total="2" passed="1">
  <reporter-output>
  </reporter-output>
  <suite name="Default suite" duration-ms="11438" started-at="2018-01-28T23:59:55Z" finished-at="2018-01-29T00:00:07Z">
    <groups>
    </groups>
    <test name="Default test" duration-ms="11438" started-at="2018-01-28T23:59:55Z" finished-at="2018-01-29T00:00:07Z">
      <class name="com.test.automation.UIAutomation.homepage.TC001_VerifyContactUs">
        <test-method status="PASS" signature="setup()[pri:0, instance:com.test.automation.UIAutomation.homepage.TC001_VerifyContactUs@4923ab24]" name="setup" is-config="true" duration-ms="9031" started-at="2018-01-28T15:59:55Z" finished-at="2018-01-28T16:00:04Z">
          <reporter-output>
          </reporter-output>
        </test-method> <!-- setup -->
        <test-method status="FAIL" signature="VerifyContactUs()[pri:0, instance:com.test.automation.UIAutomation.homepage.TC001_VerifyContactUs@4923ab24]" name="VerifyContactUs" duration-ms="16" started-at="2018-01-28T16:00:04Z" finished-at="2018-01-28T16:00:04Z">
          <exception class="java.lang.NullPointerException">
            <full-stacktrace>
              <![CDATA[java.lang.NullPointerExceptionat com.test.automation.UIAutomation.homepage.TC001_VerifyContactUs.VerifyContactUs(TC001_VerifyContactUs.java:18)at sun.reflect.NativeMethodAccessorImpl.invoke0(Native Method)at sun.reflect.NativeMethodAccessorImpl.invoke(NativeMethodAccessorImpl.java:62)at sun.reflect.DelegatingMethodAccessorImpl.invoke(DelegatingMethodAccessorImpl.java:43)at java.lang.reflect.Method.invoke(Method.java:498)at org.testng.internal.MethodInvocationHelper.invokeMethod(MethodInvocationHelper.java:124)at org.testng.internal.Invoker.invokeMethod(Invoker.java:571)at org.testng.internal.Invoker.invokeTestMethod(Invoker.java:707)at org.testng.internal.Invoker.invokeTestMethods(Invoker.java:979)at org.testng.internal.TestMethodWorker.invokeTestMethods(TestMethodWorker.java:125)at org.testng.internal.TestMethodWorker.run(TestMethodWorker.java:109)at org.testng.TestRunner.privateRun(TestRunner.java:648)at org.testng.TestRunner.run(TestRunner.java:505)at org.testng.SuiteRunner.runTest(SuiteRunner.java:455)at org.testng.SuiteRunner.runSequentially(SuiteRunner.java:450)at org.testng.SuiteRunner.privateRun(SuiteRunner.java:415)at org.testng.SuiteRunner.run(SuiteRunner.java:364)at org.testng.SuiteRunnerWorker.runSuite(SuiteRunnerWorker.java:52)at org.testng.SuiteRunnerWorker.run(SuiteRunnerWorker.java:84)at org.testng.TestNG.runSuitesSequentially(TestNG.java:1187)at org.testng.TestNG.runSuitesLocally(TestNG.java:1116)at org.testng.TestNG.runSuites(TestNG.java:1028)at org.testng.TestNG.run(TestNG.java:996)at org.testng.remote.AbstractRemoteTestNG.run(AbstractRemoteTestNG.java:114)at org.testng.remote.RemoteTestNG.initAndRun(RemoteTestNG.java:251)at org.testng.remote.RemoteTestNG.main(RemoteTestNG.java:77)]]>
            </full-stacktrace>
          </exception> <!-- java.lang.NullPointerException -->
          <reporter-output>
          </reporter-output>
        </test-method> <!-- VerifyContactUs -->
        <test-method status="PASS" signature="verifyLoginWithInvalidCredentials()[pri:0, instance:com.test.automation.UIAutomation.homepage.TC001_VerifyContactUs@4923ab24]" name="verifyLoginWithInvalidCredentials" duration-ms="2194" started-at="2018-01-28T16:00:04Z" finished-at="2018-01-28T16:00:06Z">
          <reporter-output>
          </reporter-output>
        </test-method> <!-- verifyLoginWithInvalidCredentials -->
        <test-method status="PASS" signature="endTest()[pri:0, instance:com.test.automation.UIAutomation.homepage.TC001_VerifyContactUs@4923ab24]" name="endTest" is-config="true" duration-ms="123" started-at="2018-01-28T16:00:06Z" finished-at="2018-01-28T16:00:07Z">
          <reporter-output>
          </reporter-output>
        </test-method> <!-- endTest -->
      </class> <!-- com.test.automation.UIAutomation.homepage.TC001_VerifyContactUs -->
    </test> <!-- Default test -->
  </suite> <!-- Default suite -->
</testng-results>
