<?xml version="1.0" encoding="UTF-8"?>
<!-- Generated by org.testng.reporters.JUnitXMLReporter -->
<testsuite hostname="HQ2-L8QG2GV1" ignored="2" name="Test" tests="1" failures="1" timestamp="24 Oct 2017 22:18:46 GMT" time="0.248" errors="0">
  <testcase name="myBrocadeLogin" time="0.226" classname="myBrocadeLog.myBrocade">
    <failure type="java.lang.NoSuchMethodError" message="com.google.common.base.Preconditions.checkState(ZLjava/lang/String;Ljava/lang/Object;)V">
      <![CDATA[java.lang.NoSuchMethodError: com.google.common.base.Preconditions.checkState(ZLjava/lang/String;Ljava/lang/Object;)V
	at org.openqa.selenium.remote.service.DriverService.checkExecutable(DriverService.java:136)
	at org.openqa.selenium.firefox.GeckoDriverService.access$000(GeckoDriverService.java:41)
	at org.openqa.selenium.firefox.GeckoDriverService$Builder.usingFirefoxBinary(GeckoDriverService.java:108)
	at org.openqa.selenium.firefox.FirefoxDriver.toExecutor(FirefoxDriver.java:204)
	at org.openqa.selenium.firefox.FirefoxDriver.<init>(FirefoxDriver.java:108)
	at org.openqa.selenium.firefox.FirefoxDriver.<init>(FirefoxDriver.java:104)
	at myBrocadeLog.myBrocade.myBrocadeLogin(myBrocade.java:22)
... Removed 24 stack frames]]>
    </failure>
  </testcase> <!-- myBrocadeLogin -->
  <testcase name="start" time="0.0" classname="myBrocadeLog.myBrocade">
    <ignored/>
  </testcase> <!-- start -->
  <testcase name="testPrint" time="0.0" classname="myBrocadeLog.myBrocade">
    <ignored/>
  </testcase> <!-- testPrint -->
</testsuite> <!-- Test -->
