<?xml version="1.0" encoding="UTF-8"?>
<!-- Generated by org.testng.reporters.JUnitXMLReporter -->
<testsuite hostname="DESKTOP-2D4DDNA" ignored="4" name="Test Groupings" tests="9" failures="1" timestamp="03 Jan 2018 03:37:34 GMT" time="6.261" errors="0">
  <testcase name="f1" time="0.002" classname="TestNGLearning.TestGrouping"/>
  <testcase name="f3" time="0.003" classname="TestNGLearning.TestGrouping"/>
  <testcase name="f4" time="0.001" classname="TestNGLearning.TestGrouping"/>
  <testcase name="f5" time="0.001" classname="TestNGLearning.TestGrouping"/>
  <testcase name="f6" time="0.001" classname="TestNGLearning.TestGrouping"/>
  <testcase name="f7" time="0.0" classname="TestNGLearning.TestGrouping"/>
  <testcase name="m4" time="0.001" classname="TestNGLearning.TestGrouping1"/>
  <testcase name="getTitle" time="0.17" classname="TestNGLearning.TestNGAssertion"/>
  <testcase name="testEquality" time="0.002" classname="TestNGLearning.TestNGAssertion">
    <failure type="java.lang.AssertionError" message="expected [false] but found [true]">
      <![CDATA[java.lang.AssertionError: expected [false] but found [true]at TestNGLearning.TestNGAssertion.testEquality(TestNGAssertion.java:33)... Removed 31 stack frames]]>
    </failure>
  </testcase> <!-- testEquality -->
  <testcase name="m1" time="0.0" classname="TestNGLearning.TestGrouping1">
    <ignored/>
  </testcase> <!-- m1 -->
  <testcase name="m2" time="0.0" classname="TestNGLearning.TestGrouping1">
    <ignored/>
  </testcase> <!-- m2 -->
  <testcase name="m3" time="0.0" classname="TestNGLearning.TestGrouping1">
    <ignored/>
  </testcase> <!-- m3 -->
  <testcase name="f2" time="0.0" classname="TestNGLearning.TestGrouping">
    <ignored/>
  </testcase> <!-- f2 -->
</testsuite> <!-- Test Groupings -->
