<?xml version="1.0" encoding="UTF-8"?>
<testng-results skipped="0" failed="0" ignored="0" total="2" passed="2">
  <reporter-output>
  </reporter-output>
  <suite name="Suite" duration-ms="31" started-at="2017-10-12T18:17:40Z" finished-at="2017-10-12T18:17:41Z">
    <groups>
    </groups>
    <test name="Test" duration-ms="31" started-at="2017-10-12T18:17:40Z" finished-at="2017-10-12T18:17:41Z">
      <class name="helloWorld.HelloWorld">
        <test-method status="PASS" signature="testPrint()[pri:0, instance:helloWorld.HelloWorld@548b7f67]" name="testPrint" is-config="true" duration-ms="15" started-at="2017-10-12T11:17:40Z" finished-at="2017-10-12T11:17:41Z">
          <reporter-output>
          </reporter-output>
        </test-method> <!-- testPrint -->
        <test-method status="PASS" signature="ArrayDemo()[pri:0, instance:helloWorld.HelloWorld@548b7f67]" name="ArrayDemo" duration-ms="16" started-at="2017-10-12T11:17:41Z" finished-at="2017-10-12T11:17:41Z">
          <reporter-output>
          </reporter-output>
        </test-method> <!-- ArrayDemo -->
        <test-method status="PASS" signature="Sample_String()[pri:0, instance:helloWorld.HelloWorld@548b7f67]" name="Sample_String" duration-ms="0" started-at="2017-10-12T11:17:41Z" finished-at="2017-10-12T11:17:41Z">
          <reporter-output>
          </reporter-output>
        </test-method> <!-- Sample_String -->
      </class> <!-- helloWorld.HelloWorld -->
    </test> <!-- Test -->
  </suite> <!-- Suite -->
</testng-results>
