<?xml version="1.0" encoding="UTF-8"?>
<testng-results skipped="0" failed="0" ignored="0" total="1" passed="1">
  <reporter-output>
  </reporter-output>
  <suite name="Default suite" duration-ms="6090" started-at="2018-01-08T00:38:34Z" finished-at="2018-01-08T00:38:40Z">
    <groups>
    </groups>
    <test name="Default test" duration-ms="6090" started-at="2018-01-08T00:38:34Z" finished-at="2018-01-08T00:38:40Z">
      <class name="TestNGLearning.myBrocadeLogin">
        <test-method status="PASS" signature="doubleClick()[pri:0, instance:TestNGLearning.myBrocadeLogin@1786dec2]" name="doubleClick" duration-ms="6036" started-at="2018-01-07T16:38:34Z" finished-at="2018-01-07T16:38:40Z">
          <reporter-output>
          </reporter-output>
        </test-method> <!-- doubleClick -->
      </class> <!-- TestNGLearning.myBrocadeLogin -->
    </test> <!-- Default test -->
  </suite> <!-- Default suite -->
</testng-results>
