<?xml version="1.0" encoding="UTF-8"?>
<!-- Generated by org.testng.reporters.JUnitXMLReporter -->
<testsuite hostname="DESKTOP-2D4DDNA" ignored="0" name="Default test" tests="3" failures="0" timestamp="30 Dec 2017 07:50:29 GMT" time="0.024" errors="0">
  <testcase name="Search" time="0.0" classname="seleniumTests.SampleTest4"/>
  <testcase name="AdvancedSearch" time="0.0" classname="seleniumTests.SampleTest4"/>
  <testcase name="BuyProducts" time="0.0" classname="seleniumTests.SampleTest4"/>
</testsuite> <!-- Default test -->
